[Licensing::Module] Trying to connect to existing licensing client channel...
Built from '6000.4/staging' branch; Version is '6000.4.0f1 (8cf496087c8f) revision 9237654'; Using compiler version '194234433'; Build Type 'Release'
[Licensing::IpcConnector] Successfully connected to: "LicenseClient-Administrator" at "2026-04-07T18:41:40.2260604Z"
OS: 'Windows 11  (10.0.26200) Professional' Language: 'tr' Physical Memory: 16310 MB
BatchMode: 1, IsHumanControllingUs: 0, StartBugReporterOnCrash: 0, Is64bit: 1
System  architecture: x64
Process architecture: x64
Date: 2026-04-07T18:41:40Z

COMMAND LINE ARGUMENTS:
C:\Program Files\Unity\Hub\Editor\6000.4.0f1\Editor\Unity.exe
-adb2
-batchMode
-noUpm
-name
AssetImportWorker0
-projectPath
C:/Users/Administrator/Desktop/CENG454-HW2-Dogan-Cakir-210444075
-logFile
Logs/AssetImportWorker0.log
-srvPort
55833
-licensingIpc
LicenseClient-Administrator
-force-d3d12
-job-worker-count
5
-background-job-worker-count
8
-gc-helper-count
1
-name
AssetImport
Successfully changed project path to: C:/Users/Administrator/Desktop/CENG454-HW2-Dogan-Cakir-210444075
C:/Users/Administrator/Desktop/CENG454-HW2-Dogan-Cakir-210444075
[UnityMemory] Configuration Parameters - Can be set up in boot.config
    "memorysetup-temp-allocator-size-gi-baking-worker=262144"
    "memorysetup-temp-allocator-size-gi-baking-worker=262144"
    "memorysetup-temp-allocator-size-gi-baking-worker=262144"
    "memorysetup-temp-allocator-size-gi-baking-worker=262144"
    "memorysetup-temp-allocator-size-gi-baking-worker=262144"
    "memorysetup-temp-allocator-size-nav-mesh-worker=65536"
    "memorysetup-temp-allocator-size-audio-worker=65536"
    "memorysetup-temp-allocator-size-cloud-worker=32768"
    "memorysetup-temp-allocator-size-gfx=262144"
    "memorysetup-temp-allocator-size-preload-manager=33554432"
    "memorysetup-temp-allocator-size-job-worker=262144"
    "memorysetup-temp-allocator-size-background-worker=32768"
    "memorysetup-allocator-temp-initial-block-size-main=262144"
    "memorysetup-allocator-temp-initial-block-size-worker=262144"
    "memorysetup-bucket-allocator-granularity=16"
    "memorysetup-bucket-allocator-bucket-count=8"
    "memorysetup-bucket-allocator-block-size=33554432"
    "memorysetup-bucket-allocator-block-count=8"
    "memorysetup-main-allocator-block-size=16777216"
    "memorysetup-thread-allocator-block-size=16777216"
    "memorysetup-gfx-main-allocator-block-size=16777216"
    "memorysetup-gfx-thread-allocator-block-size=16777216"
    "memorysetup-cache-allocator-block-size=4194304"
    "memorysetup-typetree-allocator-block-size=2097152"
    "memorysetup-profiler-bucket-allocator-granularity=16"
    "memorysetup-profiler-bucket-allocator-bucket-count=8"
    "memorysetup-profiler-bucket-allocator-block-size=33554432"
    "memorysetup-profiler-bucket-allocator-block-count=8"
    "memorysetup-profiler-allocator-block-size=16777216"
    "memorysetup-profiler-editor-allocator-block-size=1048576"
    "memorysetup-temp-allocator-size-main=16777216"
    "memorysetup-job-temp-allocator-block-size=2097152"
    "memorysetup-job-temp-allocator-block-size-background=1048576"
    "memorysetup-job-temp-allocator-reduction-small-platforms=262144"
Player connection [28956]  Target information:

Player connection [28956]  * "[IP] 192.168.1.101 [Port] 0 [Flags] 2 [Guid] 3219118544 [EditorId] 3219118544 [Version] 1048832 [Id] WindowsEditor(7,DESKTOP-9QFPADF) [Debug] 1 [PackageName] WindowsEditor [ProjectName] Editor" 

Player connection [28956]  * "[IP] 192.168.56.1 [Port] 0 [Flags] 2 [Guid] 3219118544 [EditorId] 3219118544 [Version] 1048832 [Id] WindowsEditor(7,DESKTOP-9QFPADF) [Debug] 1 [PackageName] WindowsEditor [ProjectName] Editor" 

Player connection [28956] Host joined multi-casting on [225.0.0.222:54997]...
Player connection [28956] Host joined alternative multi-casting on [225.0.0.222:34997]...
JobSystem: Creating JobQueue using job-worker-count value 5
Input System module state changed to: Initialized.
[Physics::Module] Initialized fallback backend.
[Physics::Module] Id: 0xdecafbad
Library Redirect Path: Library/
[Physics::Module] Selected backend.
[Physics::Module] Name: PhysX
[Physics::Module] Id: 0xf2b8ea05
[Physics::Module] SDK Version: 4.1.2
[Physics::Module] Integration Version: 1.0.0
[Physics::Module] Threading Mode: Multi-Threaded
Initialize engine version: 6000.4.0f1 (8cf496087c8f)
[Subsystems] Discovering subsystems at path C:/Program Files/Unity/Hub/Editor/6000.4.0f1/Editor/Data/Resources/UnitySubsystems
[Subsystems] Discovering subsystems at path C:/Users/Administrator/Desktop/CENG454-HW2-Dogan-Cakir-210444075/Assets
Forcing GfxDevice: Direct3D 12
GfxDevice: creating device client; kGfxThreadingModeNonThreaded
d3d12: failed to query info queue interface (0x80004002).
Direct3D:
    Version:         Direct3D 12 [level 12.2]
    Renderer:        AMD Radeon RX 6750 XT (ID=0x73df)
    Vendor:          ATI
    VRAM:            12243 MB
    App VRAM Budget: 11475 MB
    Driver:          32.0.21043.5001
Initialize mono
Mono path[0] = 'C:/Program Files/Unity/Hub/Editor/6000.4.0f1/Editor/Data/Managed'
Mono path[1] = 'C:/Program Files/Unity/Hub/Editor/6000.4.0f1/Editor/Data/MonoBleedingEdge/lib/mono/unityjit-win32'
Mono config path = 'C:/Program Files/Unity/Hub/Editor/6000.4.0f1/Editor/Data/MonoBleedingEdge/etc'
Using monoOptions --debugger-agent=transport=dt_socket,embedding=1,server=y,suspend=n,address=127.0.0.1:56740
CodeReloadManager initialized
Begin MonoManager ReloadAssembly
Registering precompiled unity dll's ...
Register platform support module: C:/Program Files/Unity/Hub/Editor/6000.4.0f1/Editor/Data/PlaybackEngines/WebGLSupport/UnityEditor.WebGL.Extensions.dll
Register platform support module: C:/Program Files/Unity/Hub/Editor/6000.4.0f1/Editor/Data/PlaybackEngines/WindowsStandaloneSupport/UnityEditor.WindowsStandalone.Extensions.dll
Registered in 0.010845 seconds.
[Licensing::Client] Error: HandshakeResponse reported an error:
	ResponseCode: 505
	ResponseStatus: Unsupported protocol version '1.18.1'.
[Licensing::Module] Error: Failed to handshake to channel: "LicenseClient-Administrator"
[Licensing::IpcConnector] LicenseClient-Administrator channel disconnected successfully.
[Licensing::IpcConnector] Successfully connected to: "LicenseClient-Administrator-6000.4.0" at "2026-04-07T18:41:42.464461Z"
Native extension for WindowsStandalone target not found
Native extension for WebGL target not found
Package Manager log level set to [2]
[Package Manager] Failed to launch server process. Reason: Unity was launched with the -noUpm command-line argument
[Package Manager] Unable to send message (not connected to server process).
[Package Manager] Cannot connect to Unity Package Manager local server
ScheduleIndexationOnStartup MainProcess:False IndexOnStartup:True
Mono: successfully reloaded assembly
- Finished resetting the current domain, in  1.781 seconds
Domain Reload Profiling: 3336ms
	BeginReloadAssembly (231ms)
	RebuildCommonClasses (92ms)
	RebuildNativeTypeToScriptingClass (33ms)
	initialDomainReloadingComplete (223ms)
	LoadAllAssembliesAndSetupDomain (966ms)
		LoadAssemblies (222ms)
		AnalyzeDomain (940ms)
			TypeCache.Refresh (937ms)
				TypeCache.ScanAssembly (903ms)
	FinalizeReload (1791ms)
		SetupLoadedEditorAssemblies (0ms)
			InitializePlatformSupportModulesInManaged (177ms)
			BeforeProcessingInitializeOnLoad (214ms)
			ProcessInitializeOnLoadAttributes (722ms)
			ProcessInitializeOnLoadMethodAttributes (433ms)
========================================================================
Worker process is ready to serve import requests
Import Worker Mode flag is 0x00
Begin MonoManager ReloadAssembly
[Licensing::Module] Licensing is not yet initialized.
[Licensing::Client] Handshaking with LicensingClient:
  Version:                 1.18.1+9fbee8e
  Session Id:              832456e239e948418312c330ef7d25bb
  Correlation Id:          ea4fdfdd60b69bbbd945cb87ca67a441
  External correlation Id: 5741306561294604870
  Machine Id:              SaEkKwBErfxMSDCusDsluaZ0JnU=
[Licensing::Module] Successfully connected to LicensingClient on channel: "LicenseClient-Administrator-6000.4.0" (connect: 0.00s, validation: 0.00s, handshake: 3.15s)
[Licensing::IpcConnector] Successfully connected to: "LicenseClient-Administrator-6000.4.0-notifications" at "2026-04-07T18:41:45.6216498Z"
[Licensing::Module] Licensing Background thread has ended after 5.40s
[Licensing::Module] Licensing is initialized (took 0.64s).
[Licensing::Client] Successfully resolved entitlement details
[Licensing::Module] License group:
  Id: 18968382389062-UnityPersXXXX
  Product: Unity Personal
  Type: Assigned
  Expiration: Unlimited
Assembly Assembly-CSharp-Editor-firstpass.dll at Library/ScriptAssemblies/Assembly-CSharp-Editor-firstpass.dll not valid. Loading of assembly skipped.
Assembly Assembly-CSharp-Editor.dll at Library/ScriptAssemblies/Assembly-CSharp-Editor.dll not valid. Loading of assembly skipped.
Assembly Assembly-CSharp-firstpass.dll at Library/ScriptAssemblies/Assembly-CSharp-firstpass.dll not valid. Loading of assembly skipped.
Assembly Unity.Multiplayer.Center.Editor.Tests.dll at Library/ScriptAssemblies/Unity.Multiplayer.Center.Editor.Tests.dll not valid. Loading of assembly skipped.
Assembly Unity.Multiplayer.Center.Tests.dll at Library/ScriptAssemblies/Unity.Multiplayer.Center.Tests.dll not valid. Loading of assembly skipped.
Assembly Unity.TextMeshPro.Editor.Tests.dll at Library/ScriptAssemblies/Unity.TextMeshPro.Editor.Tests.dll not valid. Loading of assembly skipped.
Assembly Unity.TextMeshPro.Tests.dll at Library/ScriptAssemblies/Unity.TextMeshPro.Tests.dll not valid. Loading of assembly skipped.
Assembly UnityEditor.UI.Common.Tests.dll at Library/ScriptAssemblies/UnityEditor.UI.Common.Tests.dll not valid. Loading of assembly skipped.
Assembly UnityEditor.UI.EditorTests.dll at Library/ScriptAssemblies/UnityEditor.UI.EditorTests.dll not valid. Loading of assembly skipped.
Assembly UnityEngine.UI.Tests.dll at Library/ScriptAssemblies/UnityEngine.UI.Tests.dll not valid. Loading of assembly skipped.
Native extension for WindowsStandalone target not found
Native extension for WebGL target not found
[Package Manager] Failed to launch server process. Reason: Unity was launched with the -noUpm command-line argument
[Package Manager] Unable to send message (not connected to server process).
[Package Manager] Cannot connect to Unity Package Manager local server
ScheduleIndexationOnStartup MainProcess:False IndexOnStartup:True
Mono: successfully reloaded assembly
- Finished resetting the current domain, in  0.641 seconds
Domain Reload Profiling: 2070ms
	BeginReloadAssembly (1113ms)
		DisableScriptedObjects (15ms)
		CreateAndSetChildDomain (84ms)
	RebuildCommonClasses (98ms)
	RebuildNativeTypeToScriptingClass (31ms)
	initialDomainReloadingComplete (112ms)
	LoadAllAssembliesAndSetupDomain (72ms)
		LoadAssemblies (276ms)
		AnalyzeDomain (50ms)
			TypeCache.Refresh (30ms)
				TypeCache.ScanAssembly (22ms)
			BuildScriptInfoCaches (12ms)
			ResolveRequiredComponents (6ms)
	FinalizeReload (643ms)
		SetupLoadedEditorAssemblies (0ms)
			InitializePlatformSupportModulesInManaged (4ms)
			BeforeProcessingInitializeOnLoad (181ms)
			ProcessInitializeOnLoadAttributes (147ms)
			ProcessInitializeOnLoadMethodAttributes (71ms)
			AfterProcessingInitializeOnLoad (17ms)
		AwakeInstancesAfterBackupRestoration (13ms)
Launched and connected shader compiler UnityShaderCompiler.exe after 0.02 seconds
Unloading 0 Unused Serialized files (Serialized files now loaded: 0)
Unloading 428 unused Assets / (193.7 KB). Loaded Objects now: 1063.
Memory consumption went from 83.0 MB to 82.8 MB.
Total: 7.133800 ms (FindLiveObjects: 0.227200 ms CreateObjectMapping: 0.087600 ms MarkObjects: 6.516400 ms  DeleteObjects: 0.299400 ms)

========================================================================
Received Import Request.
  Time since last request: 35745.837745 seconds.
  path: Assets/Scripts/FlightController.cs
  importAddress: Guid(6aa5ba92df51781409328dc1a9ee21a7) Importer(815301076,1909f56bfc062723c751e8b465ee728b)
Start importing Assets/Scripts/FlightController.cs using Guid(6aa5ba92df51781409328dc1a9ee21a7) Importer(815301076,1909f56bfc062723c751e8b465ee728b) (PreviewImporter) -> (Import Result ID: 'e79a128554f0cafe69da4d91ae149786') in 0.0059038 seconds [static and dynamic dependencies]. Details - ImportResultOutputID=8cff0df079abd71a52c1ac4e674ecdbe DependenciesID=c41e39472039bde6a94649062bef3f27 StaticDependenciesID=b73d8928478f8365ec48b2ea800f79dc 
Number of updated asset objects reloaded before import = 0Number of asset objects unloaded after import = 0

========================================================================
Received Prepare
Begin MonoManager ReloadAssembly
[Licensing::Client] Successfully resolved entitlement details
Assembly Assembly-CSharp-Editor-firstpass.dll at Library/ScriptAssemblies/Assembly-CSharp-Editor-firstpass.dll not valid. Loading of assembly skipped.
Assembly Assembly-CSharp-Editor.dll at Library/ScriptAssemblies/Assembly-CSharp-Editor.dll not valid. Loading of assembly skipped.
Assembly Assembly-CSharp-firstpass.dll at Library/ScriptAssemblies/Assembly-CSharp-firstpass.dll not valid. Loading of assembly skipped.
Assembly Unity.Multiplayer.Center.Editor.Tests.dll at Library/ScriptAssemblies/Unity.Multiplayer.Center.Editor.Tests.dll not valid. Loading of assembly skipped.
Assembly Unity.Multiplayer.Center.Tests.dll at Library/ScriptAssemblies/Unity.Multiplayer.Center.Tests.dll not valid. Loading of assembly skipped.
Assembly Unity.TextMeshPro.Editor.Tests.dll at Library/ScriptAssemblies/Unity.TextMeshPro.Editor.Tests.dll not valid. Loading of assembly skipped.
Assembly Unity.TextMeshPro.Tests.dll at Library/ScriptAssemblies/Unity.TextMeshPro.Tests.dll not valid. Loading of assembly skipped.
Assembly UnityEditor.UI.Common.Tests.dll at Library/ScriptAssemblies/UnityEditor.UI.Common.Tests.dll not valid. Loading of assembly skipped.
Assembly UnityEditor.UI.EditorTests.dll at Library/ScriptAssemblies/UnityEditor.UI.EditorTests.dll not valid. Loading of assembly skipped.
Assembly UnityEngine.UI.Tests.dll at Library/ScriptAssemblies/UnityEngine.UI.Tests.dll not valid. Loading of assembly skipped.
Native extension for WindowsStandalone target not found
Native extension for WebGL target not found
[Package Manager] Failed to launch server process. Reason: Unity was launched with the -noUpm command-line argument
[Package Manager] Unable to send message (not connected to server process).
[Package Manager] Cannot connect to Unity Package Manager local server
ScheduleIndexationOnStartup MainProcess:False IndexOnStartup:True
Mono: successfully reloaded assembly
- Finished resetting the current domain, in  0.487 seconds
Domain Reload Profiling: 878ms
	BeginReloadAssembly (226ms)
		DisableScriptedObjects (7ms)
		CreateAndSetChildDomain (30ms)
	RebuildCommonClasses (48ms)
	RebuildNativeTypeToScriptingClass (18ms)
	initialDomainReloadingComplete (64ms)
	LoadAllAssembliesAndSetupDomain (32ms)
		LoadAssemblies (142ms)
		AnalyzeDomain (19ms)
			TypeCache.Refresh (4ms)
			BuildScriptInfoCaches (11ms)
			ResolveRequiredComponents (3ms)
	FinalizeReload (489ms)
		SetupLoadedEditorAssemblies (0ms)
			InitializePlatformSupportModulesInManaged (3ms)
			BeforeProcessingInitializeOnLoad (135ms)
			ProcessInitializeOnLoadAttributes (121ms)
			ProcessInitializeOnLoadMethodAttributes (56ms)
			AfterProcessingInitializeOnLoad (14ms)
		AwakeInstancesAfterBackupRestoration (10ms)
Unloading 0 Unused Serialized files (Serialized files now loaded: 0)
Unloading 426 unused Assets / (38.1 KB). Loaded Objects now: 1065.
Memory consumption went from 84.0 MB to 84.0 MB.
Total: 4.892600 ms (FindLiveObjects: 0.084000 ms CreateObjectMapping: 0.031500 ms MarkObjects: 4.670800 ms  DeleteObjects: 0.105500 ms)

Prepare: number of updated asset objects reloaded= 0
========================================================================
Received Prepare
Begin MonoManager ReloadAssembly
[Licensing::Client] Successfully resolved entitlement details
Assembly Assembly-CSharp-Editor-firstpass.dll at Library/ScriptAssemblies/Assembly-CSharp-Editor-firstpass.dll not valid. Loading of assembly skipped.
Assembly Assembly-CSharp-Editor.dll at Library/ScriptAssemblies/Assembly-CSharp-Editor.dll not valid. Loading of assembly skipped.
Assembly Assembly-CSharp-firstpass.dll at Library/ScriptAssemblies/Assembly-CSharp-firstpass.dll not valid. Loading of assembly skipped.
Assembly Unity.Multiplayer.Center.Editor.Tests.dll at Library/ScriptAssemblies/Unity.Multiplayer.Center.Editor.Tests.dll not valid. Loading of assembly skipped.
Assembly Unity.Multiplayer.Center.Tests.dll at Library/ScriptAssemblies/Unity.Multiplayer.Center.Tests.dll not valid. Loading of assembly skipped.
Assembly Unity.TextMeshPro.Editor.Tests.dll at Library/ScriptAssemblies/Unity.TextMeshPro.Editor.Tests.dll not valid. Loading of assembly skipped.
Assembly Unity.TextMeshPro.Tests.dll at Library/ScriptAssemblies/Unity.TextMeshPro.Tests.dll not valid. Loading of assembly skipped.
Assembly UnityEditor.UI.Common.Tests.dll at Library/ScriptAssemblies/UnityEditor.UI.Common.Tests.dll not valid. Loading of assembly skipped.
Assembly UnityEditor.UI.EditorTests.dll at Library/ScriptAssemblies/UnityEditor.UI.EditorTests.dll not valid. Loading of assembly skipped.
Assembly UnityEngine.UI.Tests.dll at Library/ScriptAssemblies/UnityEngine.UI.Tests.dll not valid. Loading of assembly skipped.
Native extension for WindowsStandalone target not found
Native extension for WebGL target not found
[Package Manager] Failed to launch server process. Reason: Unity was launched with the -noUpm command-line argument
[Package Manager] Unable to send message (not connected to server process).
[Package Manager] Cannot connect to Unity Package Manager local server
ScheduleIndexationOnStartup MainProcess:False IndexOnStartup:True
Mono: successfully reloaded assembly
- Finished resetting the current domain, in  0.462 seconds
Domain Reload Profiling: 845ms
	BeginReloadAssembly (227ms)
		DisableScriptedObjects (8ms)
		CreateAndSetChildDomain (29ms)
	RebuildCommonClasses (48ms)
	RebuildNativeTypeToScriptingClass (15ms)
	initialDomainReloadingComplete (60ms)
	LoadAllAssembliesAndSetupDomain (32ms)
		LoadAssemblies (143ms)
		AnalyzeDomain (20ms)
			TypeCache.Refresh (4ms)
			BuildScriptInfoCaches (11ms)
			ResolveRequiredComponents (3ms)
	FinalizeReload (463ms)
		SetupLoadedEditorAssemblies (0ms)
			InitializePlatformSupportModulesInManaged (3ms)
			BeforeProcessingInitializeOnLoad (131ms)
			ProcessInitializeOnLoadAttributes (110ms)
			ProcessInitializeOnLoadMethodAttributes (55ms)
			AfterProcessingInitializeOnLoad (13ms)
		AwakeInstancesAfterBackupRestoration (11ms)
Unloading 0 Unused Serialized files (Serialized files now loaded: 0)
Unloading 426 unused Assets / (57.6 KB). Loaded Objects now: 1065.
Memory consumption went from 84.9 MB to 84.8 MB.
Total: 4.673800 ms (FindLiveObjects: 0.082900 ms CreateObjectMapping: 0.030600 ms MarkObjects: 4.385800 ms  DeleteObjects: 0.173400 ms)

Prepare: number of updated asset objects reloaded= 0
========================================================================
Received Prepare
Begin MonoManager ReloadAssembly
[Licensing::Client] Successfully resolved entitlement details
Assembly Assembly-CSharp-Editor-firstpass.dll at Library/ScriptAssemblies/Assembly-CSharp-Editor-firstpass.dll not valid. Loading of assembly skipped.
Assembly Assembly-CSharp-Editor.dll at Library/ScriptAssemblies/Assembly-CSharp-Editor.dll not valid. Loading of assembly skipped.
Assembly Assembly-CSharp-firstpass.dll at Library/ScriptAssemblies/Assembly-CSharp-firstpass.dll not valid. Loading of assembly skipped.
Assembly Unity.Multiplayer.Center.Editor.Tests.dll at Library/ScriptAssemblies/Unity.Multiplayer.Center.Editor.Tests.dll not valid. Loading of assembly skipped.
Assembly Unity.Multiplayer.Center.Tests.dll at Library/ScriptAssemblies/Unity.Multiplayer.Center.Tests.dll not valid. Loading of assembly skipped.
Assembly Unity.TextMeshPro.Editor.Tests.dll at Library/ScriptAssemblies/Unity.TextMeshPro.Editor.Tests.dll not valid. Loading of assembly skipped.
Assembly Unity.TextMeshPro.Tests.dll at Library/ScriptAssemblies/Unity.TextMeshPro.Tests.dll not valid. Loading of assembly skipped.
Assembly UnityEditor.UI.Common.Tests.dll at Library/ScriptAssemblies/UnityEditor.UI.Common.Tests.dll not valid. Loading of assembly skipped.
Assembly UnityEditor.UI.EditorTests.dll at Library/ScriptAssemblies/UnityEditor.UI.EditorTests.dll not valid. Loading of assembly skipped.
Assembly UnityEngine.UI.Tests.dll at Library/ScriptAssemblies/UnityEngine.UI.Tests.dll not valid. Loading of assembly skipped.
Native extension for WindowsStandalone target not found
Native extension for WebGL target not found
[Package Manager] Failed to launch server process. Reason: Unity was launched with the -noUpm command-line argument
[Package Manager] Unable to send message (not connected to server process).
[Package Manager] Cannot connect to Unity Package Manager local server
ScheduleIndexationOnStartup MainProcess:False IndexOnStartup:True
Mono: successfully reloaded assembly
- Finished resetting the current domain, in  0.463 seconds
Domain Reload Profiling: 843ms
	BeginReloadAssembly (222ms)
		DisableScriptedObjects (7ms)
		CreateAndSetChildDomain (28ms)
	RebuildCommonClasses (49ms)
	RebuildNativeTypeToScriptingClass (16ms)
	initialDomainReloadingComplete (59ms)
	LoadAllAssembliesAndSetupDomain (31ms)
		LoadAssemblies (140ms)
		AnalyzeDomain (19ms)
			TypeCache.Refresh (4ms)
			BuildScriptInfoCaches (10ms)
			ResolveRequiredComponents (3ms)
	FinalizeReload (465ms)
		SetupLoadedEditorAssemblies (0ms)
			InitializePlatformSupportModulesInManaged (3ms)
			BeforeProcessingInitializeOnLoad (127ms)
			ProcessInitializeOnLoadAttributes (113ms)
			ProcessInitializeOnLoadMethodAttributes (55ms)
			AfterProcessingInitializeOnLoad (14ms)
		AwakeInstancesAfterBackupRestoration (10ms)
Unloading 0 Unused Serialized files (Serialized files now loaded: 0)
Unloading 426 unused Assets / (38.1 KB). Loaded Objects now: 1065.
Memory consumption went from 85.6 MB to 85.6 MB.
Total: 4.302800 ms (FindLiveObjects: 0.082200 ms CreateObjectMapping: 0.025800 ms MarkObjects: 4.092000 ms  DeleteObjects: 0.102100 ms)

Prepare: number of updated asset objects reloaded= 0
========================================================================
Received Prepare
Begin MonoManager ReloadAssembly
[Licensing::Client] Successfully resolved entitlement details
Assembly Assembly-CSharp-Editor-firstpass.dll at Library/ScriptAssemblies/Assembly-CSharp-Editor-firstpass.dll not valid. Loading of assembly skipped.
Assembly Assembly-CSharp-Editor.dll at Library/ScriptAssemblies/Assembly-CSharp-Editor.dll not valid. Loading of assembly skipped.
Assembly Assembly-CSharp-firstpass.dll at Library/ScriptAssemblies/Assembly-CSharp-firstpass.dll not valid. Loading of assembly skipped.
Assembly Unity.Multiplayer.Center.Editor.Tests.dll at Library/ScriptAssemblies/Unity.Multiplayer.Center.Editor.Tests.dll not valid. Loading of assembly skipped.
Assembly Unity.Multiplayer.Center.Tests.dll at Library/ScriptAssemblies/Unity.Multiplayer.Center.Tests.dll not valid. Loading of assembly skipped.
Assembly Unity.TextMeshPro.Editor.Tests.dll at Library/ScriptAssemblies/Unity.TextMeshPro.Editor.Tests.dll not valid. Loading of assembly skipped.
Assembly Unity.TextMeshPro.Tests.dll at Library/ScriptAssemblies/Unity.TextMeshPro.Tests.dll not valid. Loading of assembly skipped.
Assembly UnityEditor.UI.Common.Tests.dll at Library/ScriptAssemblies/UnityEditor.UI.Common.Tests.dll not valid. Loading of assembly skipped.
Assembly UnityEditor.UI.EditorTests.dll at Library/ScriptAssemblies/UnityEditor.UI.EditorTests.dll not valid. Loading of assembly skipped.
Assembly UnityEngine.UI.Tests.dll at Library/ScriptAssemblies/UnityEngine.UI.Tests.dll not valid. Loading of assembly skipped.
Native extension for WindowsStandalone target not found
Native extension for WebGL target not found
[Package Manager] Failed to launch server process. Reason: Unity was launched with the -noUpm command-line argument
[Package Manager] Unable to send message (not connected to server process).
[Package Manager] Cannot connect to Unity Package Manager local server
ScheduleIndexationOnStartup MainProcess:False IndexOnStartup:True
Mono: successfully reloaded assembly
- Finished resetting the current domain, in  0.473 seconds
Domain Reload Profiling: 855ms
	BeginReloadAssembly (226ms)
		DisableScriptedObjects (9ms)
		CreateAndSetChildDomain (32ms)
	RebuildCommonClasses (46ms)
	RebuildNativeTypeToScriptingClass (15ms)
	initialDomainReloadingComplete (59ms)
	LoadAllAssembliesAndSetupDomain (33ms)
		LoadAssemblies (139ms)
		AnalyzeDomain (20ms)
			TypeCache.Refresh (3ms)
			BuildScriptInfoCaches (12ms)
			ResolveRequiredComponents (3ms)
	FinalizeReload (475ms)
		SetupLoadedEditorAssemblies (0ms)
			InitializePlatformSupportModulesInManaged (3ms)
			BeforeProcessingInitializeOnLoad (130ms)
			ProcessInitializeOnLoadAttributes (117ms)
			ProcessInitializeOnLoadMethodAttributes (57ms)
			AfterProcessingInitializeOnLoad (14ms)
		AwakeInstancesAfterBackupRestoration (10ms)
Unloading 0 Unused Serialized files (Serialized files now loaded: 0)
Unloading 426 unused Assets / (33.2 KB). Loaded Objects now: 1065.
Memory consumption went from 86.4 MB to 86.4 MB.
Total: 4.862200 ms (FindLiveObjects: 0.117300 ms CreateObjectMapping: 0.036500 ms MarkObjects: 4.596200 ms  DeleteObjects: 0.111200 ms)

Prepare: number of updated asset objects reloaded= 0
========================================================================
Received Prepare
Begin MonoManager ReloadAssembly
[Licensing::Client] Successfully resolved entitlement details
Assembly Assembly-CSharp-Editor-firstpass.dll at Library/ScriptAssemblies/Assembly-CSharp-Editor-firstpass.dll not valid. Loading of assembly skipped.
Assembly Assembly-CSharp-Editor.dll at Library/ScriptAssemblies/Assembly-CSharp-Editor.dll not valid. Loading of assembly skipped.
Assembly Assembly-CSharp-firstpass.dll at Library/ScriptAssemblies/Assembly-CSharp-firstpass.dll not valid. Loading of assembly skipped.
Assembly Unity.Multiplayer.Center.Editor.Tests.dll at Library/ScriptAssemblies/Unity.Multiplayer.Center.Editor.Tests.dll not valid. Loading of assembly skipped.
Assembly Unity.Multiplayer.Center.Tests.dll at Library/ScriptAssemblies/Unity.Multiplayer.Center.Tests.dll not valid. Loading of assembly skipped.
Assembly Unity.TextMeshPro.Editor.Tests.dll at Library/ScriptAssemblies/Unity.TextMeshPro.Editor.Tests.dll not valid. Loading of assembly skipped.
Assembly Unity.TextMeshPro.Tests.dll at Library/ScriptAssemblies/Unity.TextMeshPro.Tests.dll not valid. Loading of assembly skipped.
Assembly UnityEditor.UI.Common.Tests.dll at Library/ScriptAssemblies/UnityEditor.UI.Common.Tests.dll not valid. Loading of assembly skipped.
Assembly UnityEditor.UI.EditorTests.dll at Library/ScriptAssemblies/UnityEditor.UI.EditorTests.dll not valid. Loading of assembly skipped.
Assembly UnityEngine.UI.Tests.dll at Library/ScriptAssemblies/UnityEngine.UI.Tests.dll not valid. Loading of assembly skipped.
Native extension for WindowsStandalone target not found
Native extension for WebGL target not found
[Package Manager] Failed to launch server process. Reason: Unity was launched with the -noUpm command-line argument
[Package Manager] Unable to send message (not connected to server process).
[Package Manager] Cannot connect to Unity Package Manager local server
ScheduleIndexationOnStartup MainProcess:False IndexOnStartup:True
Mono: successfully reloaded assembly
- Finished resetting the current domain, in  0.456 seconds
Domain Reload Profiling: 848ms
	BeginReloadAssembly (231ms)
		DisableScriptedObjects (8ms)
		CreateAndSetChildDomain (31ms)
	RebuildCommonClasses (47ms)
	RebuildNativeTypeToScriptingClass (16ms)
	initialDomainReloadingComplete (61ms)
	LoadAllAssembliesAndSetupDomain (36ms)
		LoadAssemblies (146ms)
		AnalyzeDomain (22ms)
			TypeCache.Refresh (4ms)
			BuildScriptInfoCaches (13ms)
			ResolveRequiredComponents (3ms)
	FinalizeReload (458ms)
		SetupLoadedEditorAssemblies (0ms)
			InitializePlatformSupportModulesInManaged (3ms)
			BeforeProcessingInitializeOnLoad (127ms)
			ProcessInitializeOnLoadAttributes (108ms)
			ProcessInitializeOnLoadMethodAttributes (54ms)
			AfterProcessingInitializeOnLoad (14ms)
		AwakeInstancesAfterBackupRestoration (9ms)
Unloading 0 Unused Serialized files (Serialized files now loaded: 0)
Unloading 426 unused Assets / (31.5 KB). Loaded Objects now: 1065.
Memory consumption went from 87.2 MB to 87.2 MB.
Total: 5.093900 ms (FindLiveObjects: 0.104600 ms CreateObjectMapping: 0.038000 ms MarkObjects: 4.841800 ms  DeleteObjects: 0.108600 ms)

Prepare: number of updated asset objects reloaded= 0
========================================================================
Received Prepare
Begin MonoManager ReloadAssembly
[Licensing::Client] Successfully resolved entitlement details
Assembly Assembly-CSharp-Editor-firstpass.dll at Library/ScriptAssemblies/Assembly-CSharp-Editor-firstpass.dll not valid. Loading of assembly skipped.
Assembly Assembly-CSharp-Editor.dll at Library/ScriptAssemblies/Assembly-CSharp-Editor.dll not valid. Loading of assembly skipped.
Assembly Assembly-CSharp-firstpass.dll at Library/ScriptAssemblies/Assembly-CSharp-firstpass.dll not valid. Loading of assembly skipped.
Assembly Unity.Multiplayer.Center.Editor.Tests.dll at Library/ScriptAssemblies/Unity.Multiplayer.Center.Editor.Tests.dll not valid. Loading of assembly skipped.
Assembly Unity.Multiplayer.Center.Tests.dll at Library/ScriptAssemblies/Unity.Multiplayer.Center.Tests.dll not valid. Loading of assembly skipped.
Assembly Unity.TextMeshPro.Editor.Tests.dll at Library/ScriptAssemblies/Unity.TextMeshPro.Editor.Tests.dll not valid. Loading of assembly skipped.
Assembly Unity.TextMeshPro.Tests.dll at Library/ScriptAssemblies/Unity.TextMeshPro.Tests.dll not valid. Loading of assembly skipped.
Assembly UnityEditor.UI.Common.Tests.dll at Library/ScriptAssemblies/UnityEditor.UI.Common.Tests.dll not valid. Loading of assembly skipped.
Assembly UnityEditor.UI.EditorTests.dll at Library/ScriptAssemblies/UnityEditor.UI.EditorTests.dll not valid. Loading of assembly skipped.
Assembly UnityEngine.UI.Tests.dll at Library/ScriptAssemblies/UnityEngine.UI.Tests.dll not valid. Loading of assembly skipped.
Native extension for WindowsStandalone target not found
Native extension for WebGL target not found
[Package Manager] Failed to launch server process. Reason: Unity was launched with the -noUpm command-line argument
[Package Manager] Unable to send message (not connected to server process).
[Package Manager] Cannot connect to Unity Package Manager local server
ScheduleIndexationOnStartup MainProcess:False IndexOnStartup:True
Mono: successfully reloaded assembly
- Finished resetting the current domain, in  0.457 seconds
Domain Reload Profiling: 848ms
	BeginReloadAssembly (233ms)
		DisableScriptedObjects (8ms)
		CreateAndSetChildDomain (29ms)
	RebuildCommonClasses (49ms)
	RebuildNativeTypeToScriptingClass (15ms)
	initialDomainReloadingComplete (59ms)
	LoadAllAssembliesAndSetupDomain (32ms)
		LoadAssemblies (149ms)
		AnalyzeDomain (20ms)
			TypeCache.Refresh (4ms)
			BuildScriptInfoCaches (12ms)
			ResolveRequiredComponents (3ms)
	FinalizeReload (459ms)
		SetupLoadedEditorAssemblies (0ms)
			InitializePlatformSupportModulesInManaged (3ms)
			BeforeProcessingInitializeOnLoad (127ms)
			ProcessInitializeOnLoadAttributes (113ms)
			ProcessInitializeOnLoadMethodAttributes (54ms)
			AfterProcessingInitializeOnLoad (13ms)
		AwakeInstancesAfterBackupRestoration (10ms)
Unloading 0 Unused Serialized files (Serialized files now loaded: 0)
Unloading 426 unused Assets / (32.5 KB). Loaded Objects now: 1065.
Memory consumption went from 87.9 MB to 87.9 MB.
Total: 5.364100 ms (FindLiveObjects: 0.089500 ms CreateObjectMapping: 0.033300 ms MarkObjects: 5.143500 ms  DeleteObjects: 0.097000 ms)

Prepare: number of updated asset objects reloaded= 0
========================================================================
Received Prepare
Begin MonoManager ReloadAssembly
Assembly Assembly-CSharp-Editor-firstpass.dll at Library/ScriptAssemblies/Assembly-CSharp-Editor-firstpass.dll not valid. Loading of assembly skipped.
Assembly Assembly-CSharp-Editor.dll at Library/ScriptAssemblies/Assembly-CSharp-Editor.dll not valid. Loading of assembly skipped.
Assembly Assembly-CSharp-firstpass.dll at Library/ScriptAssemblies/Assembly-CSharp-firstpass.dll not valid. Loading of assembly skipped.
Assembly Unity.Multiplayer.Center.Editor.Tests.dll at Library/ScriptAssemblies/Unity.Multiplayer.Center.Editor.Tests.dll not valid. Loading of assembly skipped.
Assembly Unity.Multiplayer.Center.Tests.dll at Library/ScriptAssemblies/Unity.Multiplayer.Center.Tests.dll not valid. Loading of assembly skipped.
Assembly Unity.TextMeshPro.Editor.Tests.dll at Library/ScriptAssemblies/Unity.TextMeshPro.Editor.Tests.dll not valid. Loading of assembly skipped.
Assembly Unity.TextMeshPro.Tests.dll at Library/ScriptAssemblies/Unity.TextMeshPro.Tests.dll not valid. Loading of assembly skipped.
Assembly UnityEditor.UI.Common.Tests.dll at Library/ScriptAssemblies/UnityEditor.UI.Common.Tests.dll not valid. Loading of assembly skipped.
Assembly UnityEditor.UI.EditorTests.dll at Library/ScriptAssemblies/UnityEditor.UI.EditorTests.dll not valid. Loading of assembly skipped.
Assembly UnityEngine.UI.Tests.dll at Library/ScriptAssemblies/UnityEngine.UI.Tests.dll not valid. Loading of assembly skipped.
Native extension for WindowsStandalone target not found
Native extension for WebGL target not found
[Package Manager] Failed to launch server process. Reason: Unity was launched with the -noUpm command-line argument
[Package Manager] Unable to send message (not connected to server process).
[Package Manager] Cannot connect to Unity Package Manager local server
ScheduleIndexationOnStartup MainProcess:False IndexOnStartup:True
Mono: successfully reloaded assembly
- Finished resetting the current domain, in  0.463 seconds
Domain Reload Profiling: 846ms
	BeginReloadAssembly (226ms)
		DisableScriptedObjects (7ms)
		CreateAndSetChildDomain (31ms)
	RebuildCommonClasses (46ms)
	RebuildNativeTypeToScriptingClass (16ms)
	initialDomainReloadingComplete (60ms)
	LoadAllAssembliesAndSetupDomain (34ms)
		LoadAssemblies (144ms)
		AnalyzeDomain (20ms)
			TypeCache.Refresh (4ms)
			BuildScriptInfoCaches (12ms)
			ResolveRequiredComponents (3ms)
	FinalizeReload (465ms)
		SetupLoadedEditorAssemblies (0ms)
			InitializePlatformSupportModulesInManaged (3ms)
			BeforeProcessingInitializeOnLoad (127ms)
			ProcessInitializeOnLoadAttributes (117ms)
			ProcessInitializeOnLoadMethodAttributes (52ms)
			AfterProcessingInitializeOnLoad (14ms)
		AwakeInstancesAfterBackupRestoration (11ms)
Unloading 0 Unused Serialized files (Serialized files now loaded: 0)
Unloading 426 unused Assets / (27.4 KB). Loaded Objects now: 1065.
Memory consumption went from 88.8 MB to 88.7 MB.
Total: 5.198600 ms (FindLiveObjects: 0.086600 ms CreateObjectMapping: 0.026200 ms MarkObjects: 4.972300 ms  DeleteObjects: 0.112600 ms)

Prepare: number of updated asset objects reloaded= 0
========================================================================
Received Import Request.
  Time since last request: 2289.935634 seconds.
  path: Assets/homing missile/Models
  importAddress: Guid(5f8fc92ecca416843b4236eab4965155) Importer(815301076,1909f56bfc062723c751e8b465ee728b)
Start importing Assets/homing missile/Models using Guid(5f8fc92ecca416843b4236eab4965155) Importer(815301076,1909f56bfc062723c751e8b465ee728b) (PreviewImporter) -> (Import Result ID: 'ade0133db517bb1f84d47c4cf07323c0') in 0.0030364 seconds [static and dynamic dependencies]. Details - ImportResultOutputID=793e7c75ffa31f0430a0a9c34db650b7 DependenciesID=35f60617e3af7372d6ce2f223eafb74e StaticDependenciesID=a6ec43a00eb2ec2086c7fa046ca599cb 
Number of updated asset objects reloaded before import = 0Number of asset objects unloaded after import = 0

========================================================================
Received Import Request.
  Time since last request: 0.061906 seconds.
  path: Assets/homing missile/Models/Missiles_Pack.FBX
  importAddress: Guid(d9d10d06a6e989a4c81c88407177ed38) Importer(815301076,1909f56bfc062723c751e8b465ee728b)
Start importing Assets/homing missile/Models/Missiles_Pack.FBX using Guid(d9d10d06a6e989a4c81c88407177ed38) Importer(815301076,1909f56bfc062723c751e8b465ee728b) (PreviewImporter)MaterialLocation.External is obsolete. External Material Location is no longer supported. (Assets/homing missile/Models/Missiles_Pack.FBX)
 -> (Import Result ID: 'efe848571f741f2db79e8993e2e190b9') in 0.461638 seconds [static and dynamic dependencies]. Details - ImportResultOutputID=95bac6307555668ad39fc3e7cb99a228 DependenciesID=c7dad73694750dfd640ca67eb424a01c StaticDependenciesID=13dcb4f969c97eb95ce6edb4aed11647 
Number of updated asset objects reloaded before import = 0Number of asset objects unloaded after import = 35

========================================================================
Received Import Request.
  Time since last request: 3.414249 seconds.
  path: Assets/homing missile/Textures
  importAddress: Guid(624f5ca735485ff4babecbac6c8f55d9) Importer(815301076,1909f56bfc062723c751e8b465ee728b)
Start importing Assets/homing missile/Textures using Guid(624f5ca735485ff4babecbac6c8f55d9) Importer(815301076,1909f56bfc062723c751e8b465ee728b) (PreviewImporter) -> (Import Result ID: '43720b60cb85470f8d1d0a63223506ae') in 0.0006115 seconds [static and dynamic dependencies]. Details - ImportResultOutputID=480038ec5526477d61e2ca3457a487e5 DependenciesID=6d102801fa9c7baac242718282dfd6ff StaticDependenciesID=a16ae1ece857f271c7f74e8bd83e3ba4 
Number of updated asset objects reloaded before import = 0Number of asset objects unloaded after import = 0

========================================================================
Received Import Request.
  Time since last request: 0.075018 seconds.
  path: Assets/homing missile/Textures/Explosion.tif
  importAddress: Guid(893e799d634a52c49b8e87690deae443) Importer(815301076,1909f56bfc062723c751e8b465ee728b)
Start importing Assets/homing missile/Textures/Explosion.tif using Guid(893e799d634a52c49b8e87690deae443) Importer(815301076,1909f56bfc062723c751e8b465ee728b) (PreviewImporter) -> (Import Result ID: 'ae37308c4703b8c5f791f1c20036b264') in 0.0289553 seconds [static and dynamic dependencies]. Details - ImportResultOutputID=9f871aaea2b0eace7b4c9efcfee262f8 DependenciesID=1269a84b4e8a3212449f2d8a2751aaff StaticDependenciesID=070848842c4a20f66aad3699ebca6b65 
Number of updated asset objects reloaded before import = 0Number of asset objects unloaded after import = 2

========================================================================
Received Import Request.
  Time since last request: 0.000019 seconds.
  path: Assets/homing missile/Textures/SmokePuff04Normal.tif
  importAddress: Guid(c2f0459b511f6c347b81027695708301) Importer(815301076,1909f56bfc062723c751e8b465ee728b)
Start importing Assets/homing missile/Textures/SmokePuff04Normal.tif using Guid(c2f0459b511f6c347b81027695708301) Importer(815301076,1909f56bfc062723c751e8b465ee728b) (PreviewImporter) -> (Import Result ID: '08da27272bfd86226c05f68f86b04ff8') in 0.0561634 seconds [static and dynamic dependencies]. Details - ImportResultOutputID=5904fc8ad14c425e5cf638d3ac87ac90 DependenciesID=4758d86e9152358f61396b9c7439350e StaticDependenciesID=7c7c0ea855cec91396fb789d34fefec6 
Number of updated asset objects reloaded before import = 0Number of asset objects unloaded after import = 2

========================================================================
Received Import Request.
  Time since last request: 0.000019 seconds.
  path: Assets/homing missile/Textures/Missiles_Pack_dif.tga
  importAddress: Guid(20759506e01e8fb43a1f626e5b6392c5) Importer(815301076,1909f56bfc062723c751e8b465ee728b)
Start importing Assets/homing missile/Textures/Missiles_Pack_dif.tga using Guid(20759506e01e8fb43a1f626e5b6392c5) Importer(815301076,1909f56bfc062723c751e8b465ee728b) (PreviewImporter) -> (Import Result ID: '430ab10026cbc9b4b1babfc988b1b29d') in 0.015832 seconds [static and dynamic dependencies]. Details - ImportResultOutputID=5625a3f9d23e86abfdde8d50a4fda2f8 DependenciesID=0802dc03d9504375e13e5f27e38f9742 StaticDependenciesID=13c202ab6941f316963d419702b228b8 
Number of updated asset objects reloaded before import = 0Number of asset objects unloaded after import = 2

========================================================================
Received Import Request.
  Time since last request: 170.799347 seconds.
  path: Assets/homing missile/prefabs/homing_missile.prefab
  importAddress: Guid(ae0129ce5de34144cb564b2205e6be07) Importer(815301076,1909f56bfc062723c751e8b465ee728b)
Start importing Assets/homing missile/prefabs/homing_missile.prefab using Guid(ae0129ce5de34144cb564b2205e6be07) Importer(815301076,1909f56bfc062723c751e8b465ee728b) (PreviewImporter) -> (Import Result ID: '79064be83e0146b3c2b696457ec80d4f') in 0.0023147 seconds [static and dynamic dependencies]. Details - ImportResultOutputID=ee2be6433e8c6824496cefd9760762d9 DependenciesID=d790fc8124cf47d57c698967780806d3 StaticDependenciesID=8361c22260bd2ba7a853818c68fec31a 
Number of updated asset objects reloaded before import = 0Number of asset objects unloaded after import = 16

========================================================================
Received Import Request.
  Time since last request: 0.000016 seconds.
  path: Assets/homing missile/prefabs/shooter.prefab
  importAddress: Guid(51b01902675d53f43851c1a5308425cc) Importer(815301076,1909f56bfc062723c751e8b465ee728b)
Start importing Assets/homing missile/prefabs/shooter.prefab using Guid(51b01902675d53f43851c1a5308425cc) Importer(815301076,1909f56bfc062723c751e8b465ee728b) (PreviewImporter) -> (Import Result ID: '618c3a7adc2bf60f028faa3a9a8ee532') in 0.0262178 seconds [static and dynamic dependencies]. Details - ImportResultOutputID=382e35dd3f182f7102fc3f9f1dfde205 DependenciesID=41cc121f72be253b8e4476a3039bcb01 StaticDependenciesID=0622d8305f48c87141966c949afc9637 
Number of updated asset objects reloaded before import = 0Number of asset objects unloaded after import = 8

========================================================================
Received Import Request.
  Time since last request: 0.000019 seconds.
  path: Assets/homing missile/prefabs/rocket_destroy_effect.prefab
  importAddress: Guid(7bcf29c8fbb433f4cbc27a4ae6ac2b79) Importer(815301076,1909f56bfc062723c751e8b465ee728b)
Start importing Assets/homing missile/prefabs/rocket_destroy_effect.prefab using Guid(7bcf29c8fbb433f4cbc27a4ae6ac2b79) Importer(815301076,1909f56bfc062723c751e8b465ee728b) (PreviewImporter) -> (Import Result ID: 'ff3449eb94f919386be2eb15ef0f9b61') in 0.1203969 seconds [static and dynamic dependencies]. Details - ImportResultOutputID=34e53caebe2f83b1b2217bab55fc396b DependenciesID=011a9180e3d4896b7c1d330af392bf07 StaticDependenciesID=29b7392924987086d6d2abdea4e58fac 
Number of updated asset objects reloaded before import = 0Number of asset objects unloaded after import = 10

========================================================================
Received Import Request.
  Time since last request: 142.084872 seconds.
  path: Assets/homing missile/Textures
  importAddress: Guid(624f5ca735485ff4babecbac6c8f55d9) Importer(2089858483,b0f066a214c2f5e87bad3c948f4d605d)
Start importing Assets/homing missile/Textures using Guid(624f5ca735485ff4babecbac6c8f55d9) Importer(2089858483,b0f066a214c2f5e87bad3c948f4d605d) (ScriptedImporter) -> (Import Result ID: '2324e3a2d432ce637a4ff9e6ded59537') in 0.0633732 seconds [static and dynamic dependencies]. Details - ImportResultOutputID=0a8e6f4d31a3360989924e3510ad9750 DependenciesID=a8130c7c62b32c78ab4581e72b329327 StaticDependenciesID=9fd34975f3c198886eb10932bd8decd3 
Number of updated asset objects reloaded before import = 0Number of asset objects unloaded after import = 1

========================================================================
Received Import Request.
  Time since last request: 0.000015 seconds.
  path: Assets/homing missile/prefabs/target.prefab
  importAddress: Guid(acbbe27460c26f44e9d4835be17987d6) Importer(2089858483,b0f066a214c2f5e87bad3c948f4d605d)
Start importing Assets/homing missile/prefabs/target.prefab using Guid(acbbe27460c26f44e9d4835be17987d6) Importer(2089858483,b0f066a214c2f5e87bad3c948f4d605d) (ScriptedImporter) -> (Import Result ID: '19fee341862595a1e9d4dd8c0e470c54') in 0.0909282 seconds [static and dynamic dependencies]. Details - ImportResultOutputID=e2623342040f568827279948e3096c3c DependenciesID=ee10c2830824fbfae5e751c014e1b7c8 StaticDependenciesID=05bcb6b977603b2da6592e36934b500b 
Number of updated asset objects reloaded before import = 0Number of asset objects unloaded after import = 7

========================================================================
Received Import Request.
  Time since last request: 0.000019 seconds.
  path: Assets/homing missile/invoices.txt
  importAddress: Guid(81fe757d26b682440ac910341006a511) Importer(2089858483,b0f066a214c2f5e87bad3c948f4d605d)
Start importing Assets/homing missile/invoices.txt using Guid(81fe757d26b682440ac910341006a511) Importer(2089858483,b0f066a214c2f5e87bad3c948f4d605d) (ScriptedImporter) -> (Import Result ID: '0e8a910071e69e356ff0b79a27911aa6') in 0.0118475 seconds [static and dynamic dependencies]. Details - ImportResultOutputID=eb52c28190cd6da2dbe081bb155af64f DependenciesID=683c6ddea8869edbe96dceef1659c7f4 StaticDependenciesID=a5ff485009059bd19f1e31727223c486 
Number of updated asset objects reloaded before import = 0Number of asset objects unloaded after import = 1

========================================================================
Received Import Request.
  Time since last request: 0.000019 seconds.
  path: Assets/homing missile/Textures/Missiles_Pack_dif.tga
  importAddress: Guid(20759506e01e8fb43a1f626e5b6392c5) Importer(2089858483,b0f066a214c2f5e87bad3c948f4d605d)
Start importing Assets/homing missile/Textures/Missiles_Pack_dif.tga using Guid(20759506e01e8fb43a1f626e5b6392c5) Importer(2089858483,b0f066a214c2f5e87bad3c948f4d605d) (ScriptedImporter) -> (Import Result ID: '84974f2ad31144d76ab9a5a917513658') in 0.0454809 seconds [static and dynamic dependencies]. Details - ImportResultOutputID=2c08958431e6f55d27edc904d3bbc487 DependenciesID=98d0d412eb3acb7ab8b7b3b98df6fb41 StaticDependenciesID=84a8d24c11bfbd02de14c543a973b611 
Number of updated asset objects reloaded before import = 0Number of asset objects unloaded after import = 1

========================================================================
Received Import Request.
  Time since last request: 0.000021 seconds.
  path: Assets/homing missile/prefabs/rocket_destroy_effect.prefab
  importAddress: Guid(7bcf29c8fbb433f4cbc27a4ae6ac2b79) Importer(2089858483,b0f066a214c2f5e87bad3c948f4d605d)
Start importing Assets/homing missile/prefabs/rocket_destroy_effect.prefab using Guid(7bcf29c8fbb433f4cbc27a4ae6ac2b79) Importer(2089858483,b0f066a214c2f5e87bad3c948f4d605d) (ScriptedImporter) -> (Import Result ID: '23d544f789239d99561a049de63f2e88') in 0.0778426 seconds [static and dynamic dependencies]. Details - ImportResultOutputID=d30dc5b73a48ac9b74e0b1ac2b428167 DependenciesID=4a76c5fc96a926b0fc963e9661cc0ca6 StaticDependenciesID=d20723a7865c4419bff5bb553a628827 
Number of updated asset objects reloaded before import = 0Number of asset objects unloaded after import = 9

========================================================================
Received Import Request.
  Time since last request: 0.000043 seconds.
  path: Assets/homing missile/Materials/SmokeLight.mat
  importAddress: Guid(8f0336b9a7e25034c9db1c0b7d91c224) Importer(2089858483,b0f066a214c2f5e87bad3c948f4d605d)
Start importing Assets/homing missile/Materials/SmokeLight.mat using Guid(8f0336b9a7e25034c9db1c0b7d91c224) Importer(2089858483,b0f066a214c2f5e87bad3c948f4d605d) (ScriptedImporter) -> (Import Result ID: 'c1180efc03e0b11c86b6121feea2b574') in 0.0747263 seconds [static and dynamic dependencies]. Details - ImportResultOutputID=2f317d35de24b9d9616c9071b9a9d2f0 DependenciesID=378c92e6093abe8e9cc8646a918d4a9e StaticDependenciesID=13314b9239d606956d293e708a31d904 
Number of updated asset objects reloaded before import = 0Number of asset objects unloaded after import = 1

========================================================================
Received Import Request.
  Time since last request: 0.000019 seconds.
  path: Assets/homing missile/prefabs/rocket_smoke.prefab
  importAddress: Guid(db97ba35f680c914480ecc075d752dbf) Importer(2089858483,b0f066a214c2f5e87bad3c948f4d605d)
Start importing Assets/homing missile/prefabs/rocket_smoke.prefab using Guid(db97ba35f680c914480ecc075d752dbf) Importer(2089858483,b0f066a214c2f5e87bad3c948f4d605d) (ScriptedImporter) -> (Import Result ID: 'e605ff62d79788207c29f3ebde3b3e2d') in 0.0324129 seconds [static and dynamic dependencies]. Details - ImportResultOutputID=080ed35be14a3ea14ed9d58362a4436a DependenciesID=3ecaa49854097f105cc62548cb06f3d1 StaticDependenciesID=da16e238a00acbf697fd0e2f3dfca053 
Number of updated asset objects reloaded before import = 0Number of asset objects unloaded after import = 6

========================================================================
Received Import Request.
  Time since last request: 0.000014 seconds.
  path: Assets/homing missile/Materials
  importAddress: Guid(6a5e02ccdaae13948a62f25f46fbb778) Importer(2089858483,b0f066a214c2f5e87bad3c948f4d605d)
Start importing Assets/homing missile/Materials using Guid(6a5e02ccdaae13948a62f25f46fbb778) Importer(2089858483,b0f066a214c2f5e87bad3c948f4d605d) (ScriptedImporter) -> (Import Result ID: 'abbb8b218347e97b5c4d22dfa5401e1d') in 0.0104587 seconds [static and dynamic dependencies]. Details - ImportResultOutputID=d59b3c3522350361685971a6fb50f674 DependenciesID=73873b71f116dd9c8b46861259bbb731 StaticDependenciesID=922a22777e82bfc78b86ea0b4e25c160 
Number of updated asset objects reloaded before import = 0Number of asset objects unloaded after import = 1

========================================================================
Received Import Request.
  Time since last request: 0.000016 seconds.
  path: Assets/homing missile/Models
  importAddress: Guid(5f8fc92ecca416843b4236eab4965155) Importer(2089858483,b0f066a214c2f5e87bad3c948f4d605d)
Start importing Assets/homing missile/Models using Guid(5f8fc92ecca416843b4236eab4965155) Importer(2089858483,b0f066a214c2f5e87bad3c948f4d605d) (ScriptedImporter) -> (Import Result ID: '923740eb18f0acbdf1faafef7adbeaa6') in 0.0110862 seconds [static and dynamic dependencies]. Details - ImportResultOutputID=1a90310b1581d35902a56caa6feb6132 DependenciesID=f270915287d9874613a76f5bd7802be3 StaticDependenciesID=afcc79393fa78f7594c44a5ce9031889 
Number of updated asset objects reloaded before import = 0Number of asset objects unloaded after import = 1

========================================================================
Received Import Request.
  Time since last request: 0.000015 seconds.
  path: Assets/homing missile/Models/Missiles_Pack.FBX
  importAddress: Guid(d9d10d06a6e989a4c81c88407177ed38) Importer(2089858483,b0f066a214c2f5e87bad3c948f4d605d)
Start importing Assets/homing missile/Models/Missiles_Pack.FBX using Guid(d9d10d06a6e989a4c81c88407177ed38) Importer(2089858483,b0f066a214c2f5e87bad3c948f4d605d) (ScriptedImporter)MaterialLocation.External is obsolete. External Material Location is no longer supported. (Assets/homing missile/Models/Missiles_Pack.FBX)
 -> (Import Result ID: '8e793019b0632aef4b9159f4da8c2782') in 0.0363486 seconds [static and dynamic dependencies]. Details - ImportResultOutputID=77bdd68976941534fdf3a6c651450b98 DependenciesID=94653e07aff4ee819a0267e8cf03be52 StaticDependenciesID=1e0289f23a6c3b2c158d648593a7854e 
Number of updated asset objects reloaded before import = 0Number of asset objects unloaded after import = 34

========================================================================
Received Import Request.
  Time since last request: 0.000015 seconds.
  path: Assets/homing missile/Textures/Explosion.tif
  importAddress: Guid(893e799d634a52c49b8e87690deae443) Importer(2089858483,b0f066a214c2f5e87bad3c948f4d605d)
Start importing Assets/homing missile/Textures/Explosion.tif using Guid(893e799d634a52c49b8e87690deae443) Importer(2089858483,b0f066a214c2f5e87bad3c948f4d605d) (ScriptedImporter) -> (Import Result ID: '2c1c8c9d1bfbb117a5f10d2ab4e0c120') in 0.0175653 seconds [static and dynamic dependencies]. Details - ImportResultOutputID=fda41e50ff074e9c1199f80d27029974 DependenciesID=07c0d188a58a3a12456440ae92245675 StaticDependenciesID=4474944c8096154d6afb779ed0c27d7f 
Number of updated asset objects reloaded before import = 0Number of asset objects unloaded after import = 1

========================================================================
Received Import Request.
  Time since last request: 0.000015 seconds.
  path: Assets/homing missile/Textures/SmokePuff04Normal.tif
  importAddress: Guid(c2f0459b511f6c347b81027695708301) Importer(2089858483,b0f066a214c2f5e87bad3c948f4d605d)
Start importing Assets/homing missile/Textures/SmokePuff04Normal.tif using Guid(c2f0459b511f6c347b81027695708301) Importer(2089858483,b0f066a214c2f5e87bad3c948f4d605d) (ScriptedImporter) -> (Import Result ID: '14fd884b48fd885805c7308afd6e5b47') in 0.0193142 seconds [static and dynamic dependencies]. Details - ImportResultOutputID=eb9ebbd00b0b4144192229dd0b70760b DependenciesID=87e2dd781079e77d1fd9c14dca06630f StaticDependenciesID=79773931913d2fef4fe3695f89b9e895 
Number of updated asset objects reloaded before import = 0Number of asset objects unloaded after import = 1

========================================================================
Received Import Request.
  Time since last request: 23.668482 seconds.
  path: Assets/homing missile/Materials/SmokeLight.mat
  importAddress: Guid(8f0336b9a7e25034c9db1c0b7d91c224) Importer(815301076,1909f56bfc062723c751e8b465ee728b)
Start importing Assets/homing missile/Materials/SmokeLight.mat using Guid(8f0336b9a7e25034c9db1c0b7d91c224) Importer(815301076,1909f56bfc062723c751e8b465ee728b) (PreviewImporter) -> (Import Result ID: '0549bb1d87883a1e4d561d7479285cf9') in 4.3624592 seconds [static and dynamic dependencies]. Details - ImportResultOutputID=7f38f0807a0ef78f66818830f3395972 DependenciesID=712b7cd178597c3c23e00c53cd717f46 StaticDependenciesID=12e865e23cc3bd00044eeb5ce7c256b1 
Number of updated asset objects reloaded before import = 0Number of asset objects unloaded after import = 1

